[0.406s] Invoking command in '/mnt/c/Users/SCoug/OneDrive/wsl/ros_ws/src/febkdb/build/febkdb': CMAKE_PREFIX_PATH=${CMAKE_PREFIX_PATH}:/opt/ros/foxy CONDA_PROMPT_MODIFIER=(base) /usr/bin/cmake /mnt/c/Users/SCoug/OneDrive/wsl/ros_ws/src/febkdb -DCMAKE_INSTALL_PREFIX=/mnt/c/Users/SCoug/OneDrive/wsl/ros_ws/src/febkdb/install/febkdb
[2.151s] -- The C compiler identification is GNU 9.3.0
[3.286s] -- The CXX compiler identification is GNU 9.3.0
[3.499s] -- Check for working C compiler: /usr/bin/cc
[6.132s] -- Check for working C compiler: /usr/bin/cc -- works
[6.140s] -- Detecting C compiler ABI info
[8.715s] -- Detecting C compiler ABI info - done
[8.752s] -- Detecting C compile features
[8.753s] -- Detecting C compile features - done
[8.830s] -- Check for working CXX compiler: /usr/bin/c++
[11.563s] -- Check for working CXX compiler: /usr/bin/c++ -- works
[11.568s] -- Detecting CXX compiler ABI info
[14.088s] -- Detecting CXX compiler ABI info - done
[14.127s] -- Detecting CXX compile features
[14.165s] -- Detecting CXX compile features - done
[14.349s] -- Found ament_cmake: 0.9.9 (/opt/ros/foxy/share/ament_cmake/cmake)
[14.981s] -- Found PythonInterp: /home/sean/miniconda3/bin/python3 (found suitable version "3.9.5", minimum required is "3") 
[14.982s] -- Using PYTHON_EXECUTABLE: /home/sean/miniconda3/bin/python3
[17.993s] -- Found rclcpp: 2.4.1 (/opt/ros/foxy/share/rclcpp/cmake)
[19.738s] -- Using all available rosidl_typesupport_c: rosidl_typesupport_fastrtps_c;rosidl_typesupport_introspection_c
[20.185s] -- Found rosidl_adapter: 1.2.1 (/opt/ros/foxy/share/rosidl_adapter/cmake)
[23.954s] -- Found OpenSSL: /usr/lib/x86_64-linux-gnu/libcrypto.so (found version "1.1.1f")  
[24.932s] -- Found FastRTPS: /opt/ros/foxy/include  
[27.349s] -- Using all available rosidl_typesupport_cpp: rosidl_typesupport_fastrtps_cpp;rosidl_typesupport_introspection_cpp
[28.524s] -- Found rmw_implementation_cmake: 1.0.3 (/opt/ros/foxy/share/rmw_implementation_cmake/cmake)
[28.537s] -- Using RMW implementation 'rmw_fastrtps_cpp' as default
[28.604s] -- Looking for pthread.h
[31.254s] -- Looking for pthread.h - found
[31.272s] -- Performing Test CMAKE_HAVE_LIBC_PTHREAD
[33.742s] -- Performing Test CMAKE_HAVE_LIBC_PTHREAD - Failed
[33.788s] -- Looking for pthread_create in pthreads
[36.360s] -- Looking for pthread_create in pthreads - not found
[36.366s] -- Looking for pthread_create in pthread
[39.013s] -- Looking for pthread_create in pthread - found
[39.020s] -- Found Threads: TRUE  
[40.464s] -- Found ament_lint_auto: 0.9.6 (/opt/ros/foxy/share/ament_lint_auto/cmake)
[40.909s] Traceback (most recent call last):
[40.911s]   File "/opt/ros/foxy/share/ament_cmake_core/cmake/core/package_xml_2_cmake.py", line 21, in <module>
[40.912s]     from catkin_pkg.package import parse_package_string
[40.913s] ModuleNotFoundError: No module named 'catkin_pkg'
[40.914s] CMake Error at /opt/ros/foxy/share/ament_cmake_core/cmake/core/ament_package_xml.cmake:94 (message):
[40.915s]   execute_process(/home/sean/miniconda3/bin/python3
[40.916s]   /opt/ros/foxy/share/ament_cmake_core/cmake/core/package_xml_2_cmake.py
[40.917s]   /mnt/c/Users/SCoug/OneDrive/wsl/ros_ws/src/febkdb/package.xml
[40.918s]   /mnt/c/Users/SCoug/OneDrive/wsl/ros_ws/src/febkdb/build/febkdb/ament_cmake_core/package.cmake)
[40.919s]   returned error code 1
[40.921s] Call Stack (most recent call first):
[40.922s]   /opt/ros/foxy/share/ament_cmake_core/cmake/core/ament_package_xml.cmake:49 (_ament_package_xml)
[40.923s]   /opt/ros/foxy/share/ament_lint_auto/cmake/ament_lint_auto_find_test_dependencies.cmake:31 (ament_package_xml)
[40.925s]   CMakeLists.txt:43 (ament_lint_auto_find_test_dependencies)
[40.926s] 
[40.927s] 
[40.954s] -- Configuring incomplete, errors occurred!
[40.955s] See also "/mnt/c/Users/SCoug/OneDrive/wsl/ros_ws/src/febkdb/build/febkdb/CMakeFiles/CMakeOutput.log".
[40.956s] See also "/mnt/c/Users/SCoug/OneDrive/wsl/ros_ws/src/febkdb/build/febkdb/CMakeFiles/CMakeError.log".
[40.979s] Invoked command in '/mnt/c/Users/SCoug/OneDrive/wsl/ros_ws/src/febkdb/build/febkdb' returned '1': CMAKE_PREFIX_PATH=${CMAKE_PREFIX_PATH}:/opt/ros/foxy CONDA_PROMPT_MODIFIER=(base) /usr/bin/cmake /mnt/c/Users/SCoug/OneDrive/wsl/ros_ws/src/febkdb -DCMAKE_INSTALL_PREFIX=/mnt/c/Users/SCoug/OneDrive/wsl/ros_ws/src/febkdb/install/febkdb
