[0.387s] Invoking command in '/mnt/c/Users/SCoug/OneDrive/wsl/ros_ws/src/ros2kdb/build/ros2kdb': CMAKE_PREFIX_PATH=${CMAKE_PREFIX_PATH}:/opt/ros/galactic /usr/bin/cmake /mnt/c/Users/SCoug/OneDrive/wsl/ros_ws/src/ros2kdb -DCMAKE_INSTALL_PREFIX=/mnt/c/Users/SCoug/OneDrive/wsl/ros_ws/src/ros2kdb/install/ros2kdb
[1.781s] -- The C compiler identification is GNU 10.3.0
[2.815s] -- The CXX compiler identification is GNU 10.3.0
[3.015s] -- Check for working C compiler: /usr/bin/cc
[5.277s] -- Check for working C compiler: /usr/bin/cc -- works
[5.285s] -- Detecting C compiler ABI info
[7.608s] -- Detecting C compiler ABI info - done
[7.648s] -- Detecting C compile features
[7.649s] -- Detecting C compile features - done
[7.726s] -- Check for working CXX compiler: /usr/bin/c++
[10.137s] -- Check for working CXX compiler: /usr/bin/c++ -- works
[10.145s] -- Detecting CXX compiler ABI info
[12.511s] -- Detecting CXX compiler ABI info - done
[12.554s] -- Detecting CXX compile features
[12.593s] -- Detecting CXX compile features - done
[12.793s] -- Found ament_cmake: 1.1.5 (/opt/ros/galactic/share/ament_cmake/cmake)
[13.489s] -- Found PythonInterp: /usr/bin/python3 (found suitable version "3.8.10", minimum required is "3") 
[13.491s] -- Using PYTHON_EXECUTABLE: /usr/bin/python3
[16.675s] -- Found rclcpp: 9.2.0 (/opt/ros/galactic/share/rclcpp/cmake)
[18.711s] -- Using all available rosidl_typesupport_c: rosidl_typesupport_fastrtps_c;rosidl_typesupport_introspection_c
[19.270s] -- Found rosidl_adapter: 2.2.1 (/opt/ros/galactic/share/rosidl_adapter/cmake)
[23.231s] -- Found OpenSSL: /usr/lib/x86_64-linux-gnu/libcrypto.so (found version "1.1.1f")  
[24.224s] -- Found FastRTPS: /opt/ros/galactic/include  
[26.580s] -- Using all available rosidl_typesupport_cpp: rosidl_typesupport_fastrtps_cpp;rosidl_typesupport_introspection_cpp
[28.146s] -- Found rmw_implementation_cmake: 3.3.1 (/opt/ros/galactic/share/rmw_implementation_cmake/cmake)
[28.319s] -- Found rmw_cyclonedds_cpp: 0.22.4 (/opt/ros/galactic/share/rmw_cyclonedds_cpp/cmake)
[28.502s] -- Using RMW implementation 'rmw_cyclonedds_cpp' as default
[28.561s] -- Looking for pthread.h
[30.724s] -- Looking for pthread.h - found
[30.739s] -- Performing Test CMAKE_HAVE_LIBC_PTHREAD
[33.006s] -- Performing Test CMAKE_HAVE_LIBC_PTHREAD - Failed
[33.014s] -- Looking for pthread_create in pthreads
[35.150s] -- Looking for pthread_create in pthreads - not found
[35.157s] -- Looking for pthread_create in pthread
[37.243s] -- Looking for pthread_create in pthread - found
[37.250s] -- Found Threads: TRUE  
[38.371s] -- Found rosidl_default_generators: 1.1.1 (/opt/ros/galactic/share/rosidl_default_generators/cmake)
[39.368s] -- Found PythonInterp: /usr/bin/python3 (found version "3.8.10") 
[41.160s] -- Found ament_cmake_ros: 0.9.2 (/opt/ros/galactic/share/ament_cmake_ros/cmake)
[45.620s] -- Using all available rosidl_typesupport_c: rosidl_typesupport_fastrtps_c;rosidl_typesupport_introspection_c
[46.336s] -- Using all available rosidl_typesupport_cpp: rosidl_typesupport_fastrtps_cpp;rosidl_typesupport_introspection_cpp
[46.576s] -- Found PythonInterp: /usr/bin/python3 (found suitable version "3.8.10", minimum required is "3.5") 
[46.729s] -- Found python_cmake_module: 0.8.1 (/opt/ros/galactic/share/python_cmake_module/cmake)
[47.343s] -- Found PythonLibs: /usr/lib/x86_64-linux-gnu/libpython3.8.so (found suitable version "3.8.10", minimum required is "3.5") 
[47.344s] -- Using PYTHON_EXECUTABLE: /usr/bin/python3
[47.345s] -- Using PYTHON_INCLUDE_DIRS: /usr/include/python3.8
[47.346s] -- Using PYTHON_LIBRARIES: /usr/lib/x86_64-linux-gnu/libpython3.8.so
[47.592s] -- Found PythonExtra: .so  
[48.603s] -- Found ament_lint_auto: 0.10.6 (/opt/ros/galactic/share/ament_lint_auto/cmake)
[50.642s] -- Added test 'copyright' to check source files copyright and LICENSE
[63.374s] -- Added test 'cppcheck' to perform static code analysis on C / C++ code
[63.377s] -- Configured cppcheck include dirs: /mnt/c/Users/SCoug/OneDrive/wsl/ros_ws/src/ros2kdb/./include;$<BUILD_INTERFACE:/mnt/c/Users/SCoug/OneDrive/wsl/ros_ws/src/ros2kdb/build/ros2kdb/rosidl_generator_c>;/mnt/c/Users/SCoug/OneDrive/wsl/ros_ws/src/ros2kdb/build/ros2kdb/rosidl_generator_c;/mnt/c/Users/SCoug/OneDrive/wsl/ros_ws/src/ros2kdb/build/ros2kdb/rosidl_generator_cpp;/mnt/c/Users/SCoug/OneDrive/wsl/ros_ws/src/ros2kdb/build/ros2kdb/rosidl_typesupport_fastrtps_c;/mnt/c/Users/SCoug/OneDrive/wsl/ros_ws/src/ros2kdb/build/ros2kdb/rosidl_typesupport_fastrtps_cpp;$<BUILD_INTERFACE:/mnt/c/Users/SCoug/OneDrive/wsl/ros_ws/src/ros2kdb/build/ros2kdb/rosidl_typesupport_introspection_c>;$<BUILD_INTERFACE:/mnt/c/Users/SCoug/OneDrive/wsl/ros_ws/src/ros2kdb/build/ros2kdb/rosidl_typesupport_c>;$<BUILD_INTERFACE:/mnt/c/Users/SCoug/OneDrive/wsl/ros_ws/src/ros2kdb/build/ros2kdb/rosidl_generator_cpp>;/mnt/c/Users/SCoug/OneDrive/wsl/ros_ws/src/ros2kdb/build/ros2kdb/rosidl_generator_py
[63.378s] -- Configured cppcheck exclude dirs and/or files: 
[75.987s] -- Added test 'cpplint' to check C / C++ code against the Google style
[75.988s] -- Configured cpplint exclude dirs and/or files: 
[77.603s] -- Added test 'flake8' to check Python code syntax and style conventions
[80.782s] -- Added test 'lint_cmake' to check CMake code style
[82.450s] -- Added test 'pep257' to check Python code against some of the style conventions in PEP 257
[95.282s] -- Added test 'uncrustify' to check C / C++ code style
[95.283s] -- Configured uncrustify additional arguments: 
[96.906s] -- Added test 'xmllint' to check XML markup files
[97.577s] -- Configuring done
[100.767s] -- Generating done
[101.181s] -- Build files have been written to: /mnt/c/Users/SCoug/OneDrive/wsl/ros_ws/src/ros2kdb/build/ros2kdb
[101.190s] Invoked command in '/mnt/c/Users/SCoug/OneDrive/wsl/ros_ws/src/ros2kdb/build/ros2kdb' returned '0': CMAKE_PREFIX_PATH=${CMAKE_PREFIX_PATH}:/opt/ros/galactic /usr/bin/cmake /mnt/c/Users/SCoug/OneDrive/wsl/ros_ws/src/ros2kdb -DCMAKE_INSTALL_PREFIX=/mnt/c/Users/SCoug/OneDrive/wsl/ros_ws/src/ros2kdb/install/ros2kdb
[101.210s] Invoking command in '/mnt/c/Users/SCoug/OneDrive/wsl/ros_ws/src/ros2kdb/build/ros2kdb': CMAKE_PREFIX_PATH=${CMAKE_PREFIX_PATH}:/opt/ros/galactic /usr/bin/cmake --build /mnt/c/Users/SCoug/OneDrive/wsl/ros_ws/src/ros2kdb/build/ros2kdb -- -j8 -l8
[102.438s] [35m[1mScanning dependencies of target kdbsub[0m
[102.444s] [35m[1mScanning dependencies of target ros2kdb__cpp[0m
[102.510s] [  1%] [34m[1mGenerating C code for ROS interfaces[0m
[102.676s] [  2%] [34m[1mGenerating C++ code for ROS interfaces[0m
[104.772s] [  3%] [32mBuilding CXX object CMakeFiles/kdbsub.dir/src/newSubKdb.cpp.o[0m
[105.051s] [  3%] Built target ros2kdb__cpp
[105.210s] [  5%] [34m[1mGenerating C++ introspection for ROS interfaces[0m
[105.215s] [  5%] [34m[1mGenerating C++ type support dispatch for ROS interfaces[0m
[105.255s] [  6%] [34m[1mGenerating C++ type support for eProsima Fast-RTPS[0m
[105.486s] [35m[1mScanning dependencies of target ros2kdb__rosidl_generator_c[0m
[105.831s] [01m[K/mnt/c/Users/SCoug/OneDrive/wsl/ros_ws/src/ros2kdb/src/newSubKdb.cpp:8:10:[m[K [01;31m[Kfatal error: [m[Kros2kdb/msg/ExhaustInput.hpp: No such file or directory
[105.832s]     8 | #include [01;31m[K"ros2kdb/msg/ExhaustInput.hpp"[m[K
[105.834s]       |          [01;31m[K^~~~~~~~~~~~~~~~~~~~~~~~~~~~~~[m[K
[105.835s] compilation terminated.
[105.837s] make[2]: *** [CMakeFiles/kdbsub.dir/build.make:63: CMakeFiles/kdbsub.dir/src/newSubKdb.cpp.o] Error 1
[105.838s] make[1]: *** [CMakeFiles/Makefile2:123: CMakeFiles/kdbsub.dir/all] Error 2
[105.839s] make[1]: *** Waiting for unfinished jobs....
[106.454s] [35m[1mScanning dependencies of target ros2kdb__rosidl_typesupport_cpp[0m
[106.645s] [  7%] [32mBuilding C object CMakeFiles/ros2kdb__rosidl_generator_c.dir/rosidl_generator_c/ros2kdb/msg/detail/antenna__functions.c.o[0m
[106.655s] [  8%] [32mBuilding C object CMakeFiles/ros2kdb__rosidl_generator_c.dir/rosidl_generator_c/ros2kdb/msg/detail/edf_input__functions.c.o[0m
[106.684s] [ 10%] [32mBuilding C object CMakeFiles/ros2kdb__rosidl_generator_c.dir/rosidl_generator_c/ros2kdb/msg/detail/edf_output__functions.c.o[0m
[106.871s] [35m[1mScanning dependencies of target ros2kdb__rosidl_typesupport_introspection_cpp[0m
[107.036s] [ 11%] [32mBuilding C object CMakeFiles/ros2kdb__rosidl_generator_c.dir/rosidl_generator_c/ros2kdb/msg/detail/elevon_input__functions.c.o[0m
[107.054s] [ 12%] [32mBuilding C object CMakeFiles/ros2kdb__rosidl_generator_c.dir/rosidl_generator_c/ros2kdb/msg/detail/elevon_output__functions.c.o[0m
[107.065s] [ 13%] [32mBuilding C object CMakeFiles/ros2kdb__rosidl_generator_c.dir/rosidl_generator_c/ros2kdb/msg/detail/exhaust_input__functions.c.o[0m
[107.096s] [ 14%] [32mBuilding C object CMakeFiles/ros2kdb__rosidl_generator_c.dir/rosidl_generator_c/ros2kdb/msg/detail/exhaust_output__functions.c.o[0m
[107.187s] [ 15%] [32mBuilding C object CMakeFiles/ros2kdb__rosidl_generator_c.dir/rosidl_generator_c/ros2kdb/msg/detail/locate__functions.c.o[0m
[107.315s] [35m[1mScanning dependencies of target ros2kdb__rosidl_typesupport_fastrtps_cpp[0m
[107.815s] [ 16%] [32m[1mLinking C shared library libros2kdb__rosidl_generator_c.so[0m
[107.827s] [ 19%] [32mBuilding CXX object CMakeFiles/ros2kdb__rosidl_typesupport_cpp.dir/rosidl_typesupport_cpp/ros2kdb/msg/antenna__type_support.cpp.o[0m
[107.829s] [ 19%] [32mBuilding CXX object CMakeFiles/ros2kdb__rosidl_typesupport_cpp.dir/rosidl_typesupport_cpp/ros2kdb/msg/edf_input__type_support.cpp.o[0m
[107.847s] [ 20%] [32mBuilding CXX object CMakeFiles/ros2kdb__rosidl_typesupport_cpp.dir/rosidl_typesupport_cpp/ros2kdb/msg/edf_output__type_support.cpp.o[0m
[107.867s] [ 21%] [32mBuilding CXX object CMakeFiles/ros2kdb__rosidl_typesupport_cpp.dir/rosidl_typesupport_cpp/ros2kdb/msg/elevon_input__type_support.cpp.o[0m
[107.892s] [ 22%] [32mBuilding CXX object CMakeFiles/ros2kdb__rosidl_typesupport_cpp.dir/rosidl_typesupport_cpp/ros2kdb/msg/elevon_output__type_support.cpp.o[0m
[108.668s] [ 23%] [32mBuilding CXX object CMakeFiles/ros2kdb__rosidl_typesupport_introspection_cpp.dir/rosidl_typesupport_introspection_cpp/ros2kdb/msg/detail/antenna__type_support.cpp.o[0m
[108.742s] [ 23%] Built target ros2kdb__rosidl_generator_c
[108.834s] [ 24%] [32mBuilding CXX object CMakeFiles/ros2kdb__rosidl_typesupport_introspection_cpp.dir/rosidl_typesupport_introspection_cpp/ros2kdb/msg/detail/edf_input__type_support.cpp.o[0m
[108.881s] [ 25%] [32mBuilding CXX object CMakeFiles/ros2kdb__rosidl_typesupport_cpp.dir/rosidl_typesupport_cpp/ros2kdb/msg/exhaust_input__type_support.cpp.o[0m
[108.905s] [ 26%] [32mBuilding CXX object CMakeFiles/ros2kdb__rosidl_typesupport_cpp.dir/rosidl_typesupport_cpp/ros2kdb/msg/exhaust_output__type_support.cpp.o[0m
[108.974s] [ 28%] [32mBuilding CXX object CMakeFiles/ros2kdb__rosidl_typesupport_introspection_cpp.dir/rosidl_typesupport_introspection_cpp/ros2kdb/msg/detail/edf_output__type_support.cpp.o[0m
[109.026s] [ 29%] [32mBuilding CXX object CMakeFiles/ros2kdb__rosidl_typesupport_cpp.dir/rosidl_typesupport_cpp/ros2kdb/msg/locate__type_support.cpp.o[0m
[109.217s] [ 30%] [32mBuilding CXX object CMakeFiles/ros2kdb__rosidl_typesupport_introspection_cpp.dir/rosidl_typesupport_introspection_cpp/ros2kdb/msg/detail/elevon_input__type_support.cpp.o[0m
[109.819s] [ 31%] [32mBuilding CXX object CMakeFiles/ros2kdb__rosidl_typesupport_fastrtps_cpp.dir/rosidl_typesupport_fastrtps_cpp/ros2kdb/msg/detail/dds_fastrtps/antenna__type_support.cpp.o[0m
[109.896s] [ 32%] [32mBuilding CXX object CMakeFiles/ros2kdb__rosidl_typesupport_fastrtps_cpp.dir/rosidl_typesupport_fastrtps_cpp/ros2kdb/msg/detail/dds_fastrtps/edf_input__type_support.cpp.o[0m
[109.920s] [ 34%] [32mBuilding CXX object CMakeFiles/ros2kdb__rosidl_typesupport_fastrtps_cpp.dir/rosidl_typesupport_fastrtps_cpp/ros2kdb/msg/detail/dds_fastrtps/edf_output__type_support.cpp.o[0m
[109.923s] [ 34%] [32mBuilding CXX object CMakeFiles/ros2kdb__rosidl_typesupport_introspection_cpp.dir/rosidl_typesupport_introspection_cpp/ros2kdb/msg/detail/elevon_output__type_support.cpp.o[0m
[109.958s] [ 35%] [32mBuilding CXX object CMakeFiles/ros2kdb__rosidl_typesupport_fastrtps_cpp.dir/rosidl_typesupport_fastrtps_cpp/ros2kdb/msg/detail/dds_fastrtps/elevon_input__type_support.cpp.o[0m
[110.171s] [ 37%] [32mBuilding CXX object CMakeFiles/ros2kdb__rosidl_typesupport_introspection_cpp.dir/rosidl_typesupport_introspection_cpp/ros2kdb/msg/detail/exhaust_input__type_support.cpp.o[0m
[110.225s] [ 38%] [32m[1mLinking CXX shared library libros2kdb__rosidl_typesupport_cpp.so[0m
[110.523s] [ 39%] [32mBuilding CXX object CMakeFiles/ros2kdb__rosidl_typesupport_introspection_cpp.dir/rosidl_typesupport_introspection_cpp/ros2kdb/msg/detail/exhaust_output__type_support.cpp.o[0m
[111.021s] [ 39%] Built target ros2kdb__rosidl_typesupport_cpp
[111.057s] [ 40%] [32mBuilding CXX object CMakeFiles/ros2kdb__rosidl_typesupport_introspection_cpp.dir/rosidl_typesupport_introspection_cpp/ros2kdb/msg/detail/locate__type_support.cpp.o[0m
[111.174s] [ 41%] [32mBuilding CXX object CMakeFiles/ros2kdb__rosidl_typesupport_fastrtps_cpp.dir/rosidl_typesupport_fastrtps_cpp/ros2kdb/msg/detail/dds_fastrtps/elevon_output__type_support.cpp.o[0m
[111.304s] [ 42%] [32mBuilding CXX object CMakeFiles/ros2kdb__rosidl_typesupport_fastrtps_cpp.dir/rosidl_typesupport_fastrtps_cpp/ros2kdb/msg/detail/dds_fastrtps/exhaust_input__type_support.cpp.o[0m
[111.447s] [ 43%] [32mBuilding CXX object CMakeFiles/ros2kdb__rosidl_typesupport_fastrtps_cpp.dir/rosidl_typesupport_fastrtps_cpp/ros2kdb/msg/detail/dds_fastrtps/exhaust_output__type_support.cpp.o[0m
[111.467s] [ 44%] [32mBuilding CXX object CMakeFiles/ros2kdb__rosidl_typesupport_fastrtps_cpp.dir/rosidl_typesupport_fastrtps_cpp/ros2kdb/msg/detail/dds_fastrtps/locate__type_support.cpp.o[0m
[112.386s] [ 46%] [32m[1mLinking CXX shared library libros2kdb__rosidl_typesupport_introspection_cpp.so[0m
[113.157s] [ 47%] [32m[1mLinking CXX shared library libros2kdb__rosidl_typesupport_fastrtps_cpp.so[0m
[113.297s] [ 47%] Built target ros2kdb__rosidl_typesupport_introspection_cpp
[114.265s] [ 47%] Built target ros2kdb__rosidl_typesupport_fastrtps_cpp
[114.266s] make: *** [Makefile:141: all] Error 2
[114.269s] Invoked command in '/mnt/c/Users/SCoug/OneDrive/wsl/ros_ws/src/ros2kdb/build/ros2kdb' returned '2': CMAKE_PREFIX_PATH=${CMAKE_PREFIX_PATH}:/opt/ros/galactic /usr/bin/cmake --build /mnt/c/Users/SCoug/OneDrive/wsl/ros_ws/src/ros2kdb/build/ros2kdb -- -j8 -l8
