[0.386s] DEBUG:colcon:Command line arguments: ['/usr/bin/colcon', 'build', '--packages-select', 'febkdb']
[0.386s] DEBUG:colcon:Parsed command line arguments: Namespace(allow_overriding=[], ament_cmake_args=None, base_paths=['.'], build_base='build', catkin_cmake_args=None, catkin_skip_building_tests=False, cmake_args=None, cmake_clean_cache=False, cmake_clean_first=False, cmake_force_configure=False, cmake_target=None, cmake_target_skip_unavailable=False, continue_on_error=False, event_handlers=None, executor='parallel', ignore_user_meta=False, install_base='install', log_base=None, log_level=None, main=<bound method BuildVerb.main of <colcon_core.verb.build.BuildVerb object at 0x7f81758af4f0>>, merge_install=False, metas=['./colcon.meta'], packages_above=None, packages_above_and_dependencies=None, packages_above_depth=None, packages_end=None, packages_ignore=None, packages_ignore_regex=None, packages_select=['febkdb'], packages_select_build_failed=False, packages_select_by_dep=None, packages_select_regex=None, packages_select_test_failures=False, packages_skip=None, packages_skip_build_finished=False, packages_skip_by_dep=None, packages_skip_regex=None, packages_skip_test_passed=False, packages_skip_up_to=None, packages_start=None, packages_up_to=None, packages_up_to_regex=None, parallel_workers=8, paths=None, symlink_install=False, test_result_base=None, verb_extension=<colcon_core.verb.build.BuildVerb object at 0x7f81758af4f0>, verb_name='build', verb_parser=<colcon_defaults.argument_parser.defaults.DefaultArgumentsDecorator object at 0x7f81758afa30>)
[0.444s] Level 1:colcon.colcon_core.package_discovery:discover_packages(colcon_meta) check parameters
[0.445s] Level 1:colcon.colcon_core.package_discovery:discover_packages(recursive) check parameters
[0.445s] Level 1:colcon.colcon_core.package_discovery:discover_packages(ignore) check parameters
[0.445s] Level 1:colcon.colcon_core.package_discovery:discover_packages(path) check parameters
[0.446s] Level 1:colcon.colcon_core.package_discovery:discover_packages(colcon_meta) discover
[0.447s] Level 1:colcon.colcon_core.package_discovery:discover_packages(recursive) discover
[0.447s] INFO:colcon.colcon_core.package_discovery:Crawling recursively for packages in '/mnt/c/Users/SCoug/OneDrive/wsl/ros_ws/src/febkdb'
[0.450s] Level 1:colcon.colcon_core.package_identification:_identify(.) by extensions ['ignore', 'ignore_ament_install']
[0.451s] Level 1:colcon.colcon_core.package_identification:_identify(.) by extension 'ignore'
[0.452s] Level 1:colcon.colcon_core.package_identification:_identify(.) by extension 'ignore_ament_install'
[0.453s] Level 1:colcon.colcon_core.package_identification:_identify(.) by extensions ['colcon_pkg']
[0.453s] Level 1:colcon.colcon_core.package_identification:_identify(.) by extension 'colcon_pkg'
[0.454s] Level 1:colcon.colcon_core.package_identification:_identify(.) by extensions ['colcon_meta']
[0.454s] Level 1:colcon.colcon_core.package_identification:_identify(.) by extension 'colcon_meta'
[0.455s] Level 1:colcon.colcon_core.package_identification:_identify(.) by extensions ['ros']
[0.455s] Level 1:colcon.colcon_core.package_identification:_identify(.) by extension 'ros'
[0.482s] DEBUG:colcon.colcon_core.package_identification:Package '.' with type 'ros.ament_cmake' and name 'febkdb'
[0.483s] Level 1:colcon.colcon_core.package_discovery:discover_packages(recursive) using defaults
[0.483s] Level 1:colcon.colcon_core.package_discovery:discover_packages(ignore) discover
[0.484s] Level 1:colcon.colcon_core.package_discovery:discover_packages(ignore) using defaults
[0.484s] Level 1:colcon.colcon_core.package_discovery:discover_packages(path) discover
[0.484s] Level 1:colcon.colcon_core.package_discovery:discover_packages(path) using defaults
[0.552s] Level 5:colcon.colcon_core.verb:set package 'febkdb' build argument 'cmake_args' from command line to 'None'
[0.552s] Level 5:colcon.colcon_core.verb:set package 'febkdb' build argument 'cmake_target' from command line to 'None'
[0.553s] Level 5:colcon.colcon_core.verb:set package 'febkdb' build argument 'cmake_target_skip_unavailable' from command line to 'False'
[0.553s] Level 5:colcon.colcon_core.verb:set package 'febkdb' build argument 'cmake_clean_cache' from command line to 'False'
[0.553s] Level 5:colcon.colcon_core.verb:set package 'febkdb' build argument 'cmake_clean_first' from command line to 'False'
[0.554s] Level 5:colcon.colcon_core.verb:set package 'febkdb' build argument 'cmake_force_configure' from command line to 'False'
[0.554s] Level 5:colcon.colcon_core.verb:set package 'febkdb' build argument 'ament_cmake_args' from command line to 'None'
[0.555s] Level 5:colcon.colcon_core.verb:set package 'febkdb' build argument 'catkin_cmake_args' from command line to 'None'
[0.555s] Level 5:colcon.colcon_core.verb:set package 'febkdb' build argument 'catkin_skip_building_tests' from command line to 'False'
[0.556s] DEBUG:colcon.colcon_core.verb:Building package 'febkdb' with the following arguments: {'ament_cmake_args': None, 'build_base': '/mnt/c/Users/SCoug/OneDrive/wsl/ros_ws/src/febkdb/build/febkdb', 'catkin_cmake_args': None, 'catkin_skip_building_tests': False, 'cmake_args': None, 'cmake_clean_cache': False, 'cmake_clean_first': False, 'cmake_force_configure': False, 'cmake_target': None, 'cmake_target_skip_unavailable': False, 'install_base': '/mnt/c/Users/SCoug/OneDrive/wsl/ros_ws/src/febkdb/install/febkdb', 'merge_install': False, 'path': '/mnt/c/Users/SCoug/OneDrive/wsl/ros_ws/src/febkdb', 'symlink_install': False, 'test_result_base': None}
[0.713s] WARNING:colcon.colcon_core.verb:Some selected packages are already built in one or more underlay workspaces:
	'febkdb' is in: /home/sean/cloud/ros_ws/install/febkdb
If a package in a merged underlay workspace is overridden and it installs headers, then all packages in the overlay must sort their include directories by workspace order. Failure to do so may result in build failures or undefined behavior at run time.
If the overridden package is used by another package in any underlay, then the overriding package in the overlay must be API and ABI compatible or undefined behavior at run time may occur.

If you understand the risks and want to override a package anyways, add the following to the command line:
	--allow-overriding febkdb

This may be promoted to an error in a future release of colcon-core.
[0.714s] INFO:colcon.colcon_core.executor:Executing jobs using 'parallel' executor
[0.716s] DEBUG:colcon.colcon_parallel_executor.executor.parallel:run_until_complete
[0.716s] INFO:colcon.colcon_ros.task.ament_cmake.build:Building ROS package in '/mnt/c/Users/SCoug/OneDrive/wsl/ros_ws/src/febkdb' with build type 'ament_cmake'
[0.717s] INFO:colcon.colcon_cmake.task.cmake.build:Building CMake package in '/mnt/c/Users/SCoug/OneDrive/wsl/ros_ws/src/febkdb'
[0.733s] INFO:colcon.colcon_core.plugin_system:Skipping extension 'colcon_core.shell.bat': Not used on non-Windows systems
[0.733s] INFO:colcon.colcon_core.shell:Skip shell extension 'powershell' for command environment: Not usable outside of PowerShell
[0.734s] DEBUG:colcon.colcon_core.shell:Skip shell extension 'dsv' for command environment
[1.127s] DEBUG:colcon.colcon_core.event_handler.log_command:Invoking command in '/mnt/c/Users/SCoug/OneDrive/wsl/ros_ws/src/febkdb/build/febkdb': CMAKE_PREFIX_PATH=${CMAKE_PREFIX_PATH}:/opt/ros/foxy CONDA_PROMPT_MODIFIER=(base) /usr/bin/cmake /mnt/c/Users/SCoug/OneDrive/wsl/ros_ws/src/febkdb -DCMAKE_INSTALL_PREFIX=/mnt/c/Users/SCoug/OneDrive/wsl/ros_ws/src/febkdb/install/febkdb
[41.699s] DEBUG:colcon.colcon_core.event_handler.log_command:Invoked command in '/mnt/c/Users/SCoug/OneDrive/wsl/ros_ws/src/febkdb/build/febkdb' returned '1': CMAKE_PREFIX_PATH=${CMAKE_PREFIX_PATH}:/opt/ros/foxy CONDA_PROMPT_MODIFIER=(base) /usr/bin/cmake /mnt/c/Users/SCoug/OneDrive/wsl/ros_ws/src/febkdb -DCMAKE_INSTALL_PREFIX=/mnt/c/Users/SCoug/OneDrive/wsl/ros_ws/src/febkdb/install/febkdb
[42.200s] Level 1:colcon.colcon_core.environment:create_environment_scripts_only(febkdb)
[42.217s] Level 1:colcon.colcon_core.environment:checking '/mnt/c/Users/SCoug/OneDrive/wsl/ros_ws/src/febkdb/install/febkdb' for CMake module files
[42.246s] Level 1:colcon.colcon_core.environment:checking '/mnt/c/Users/SCoug/OneDrive/wsl/ros_ws/src/febkdb/install/febkdb' for CMake config files
[42.249s] Level 1:colcon.colcon_core.environment:checking '/mnt/c/Users/SCoug/OneDrive/wsl/ros_ws/src/febkdb/install/febkdb/bin'
[42.251s] Level 1:colcon.colcon_core.environment:checking '/mnt/c/Users/SCoug/OneDrive/wsl/ros_ws/src/febkdb/install/febkdb/lib/pkgconfig/febkdb.pc'
[42.253s] Level 1:colcon.colcon_core.environment:checking '/mnt/c/Users/SCoug/OneDrive/wsl/ros_ws/src/febkdb/install/febkdb/lib/python3.8/site-packages'
[42.256s] INFO:colcon.colcon_core.shell:Creating package script '/mnt/c/Users/SCoug/OneDrive/wsl/ros_ws/src/febkdb/install/febkdb/share/febkdb/package.ps1'
[42.283s] INFO:colcon.colcon_core.shell:Creating package descriptor '/mnt/c/Users/SCoug/OneDrive/wsl/ros_ws/src/febkdb/install/febkdb/share/febkdb/package.dsv'
[42.308s] INFO:colcon.colcon_core.shell:Creating package script '/mnt/c/Users/SCoug/OneDrive/wsl/ros_ws/src/febkdb/install/febkdb/share/febkdb/package.sh'
[42.335s] INFO:colcon.colcon_core.shell:Creating package script '/mnt/c/Users/SCoug/OneDrive/wsl/ros_ws/src/febkdb/install/febkdb/share/febkdb/package.bash'
[42.360s] INFO:colcon.colcon_core.shell:Creating package script '/mnt/c/Users/SCoug/OneDrive/wsl/ros_ws/src/febkdb/install/febkdb/share/febkdb/package.zsh'
[42.386s] Level 1:colcon.colcon_core.environment:create_file_with_runtime_dependencies(/mnt/c/Users/SCoug/OneDrive/wsl/ros_ws/src/febkdb/install/febkdb/share/colcon-core/packages/febkdb)
[42.416s] DEBUG:colcon.colcon_parallel_executor.executor.parallel:closing loop
[42.416s] DEBUG:colcon.colcon_parallel_executor.executor.parallel:loop closed
[42.417s] DEBUG:colcon.colcon_parallel_executor.executor.parallel:run_until_complete finished with '1'
[42.417s] DEBUG:colcon.colcon_core.event_reactor:joining thread
[42.465s] INFO:colcon.colcon_core.plugin_system:Skipping extension 'colcon_notification.desktop_notification.notify_send': Could not find 'notify-send'
[42.466s] INFO:colcon.colcon_core.plugin_system:Skipping extension 'colcon_notification.desktop_notification.terminal_notifier': Not used on non-Darwin systems
[42.466s] INFO:colcon.colcon_core.plugin_system:Skipping extension 'colcon_notification.desktop_notification.win32': Not used on non-Windows systems
[42.467s] INFO:colcon.colcon_notification.desktop_notification:Sending desktop notification using 'notify2'
[42.467s] DEBUG:colcon.colcon_notification.desktop_notification.notify2:Failed to initialize notify2: org.freedesktop.DBus.Error.NotSupported: Unable to autolaunch a dbus-daemon without a $DISPLAY for X11
[42.468s] DEBUG:colcon.colcon_core.event_reactor:joined thread
[42.469s] INFO:colcon.colcon_core.shell:Creating prefix script '/mnt/c/Users/SCoug/OneDrive/wsl/ros_ws/src/febkdb/install/local_setup.ps1'
[42.480s] INFO:colcon.colcon_core.shell:Creating prefix util module '/mnt/c/Users/SCoug/OneDrive/wsl/ros_ws/src/febkdb/install/_local_setup_util_ps1.py'
[42.492s] INFO:colcon.colcon_core.shell:Creating prefix chain script '/mnt/c/Users/SCoug/OneDrive/wsl/ros_ws/src/febkdb/install/setup.ps1'
[42.557s] INFO:colcon.colcon_core.shell:Creating prefix script '/mnt/c/Users/SCoug/OneDrive/wsl/ros_ws/src/febkdb/install/local_setup.sh'
[42.566s] INFO:colcon.colcon_core.shell:Creating prefix util module '/mnt/c/Users/SCoug/OneDrive/wsl/ros_ws/src/febkdb/install/_local_setup_util_sh.py'
[42.576s] INFO:colcon.colcon_core.shell:Creating prefix chain script '/mnt/c/Users/SCoug/OneDrive/wsl/ros_ws/src/febkdb/install/setup.sh'
[42.650s] INFO:colcon.colcon_core.shell:Creating prefix script '/mnt/c/Users/SCoug/OneDrive/wsl/ros_ws/src/febkdb/install/local_setup.bash'
[42.658s] INFO:colcon.colcon_core.shell:Creating prefix chain script '/mnt/c/Users/SCoug/OneDrive/wsl/ros_ws/src/febkdb/install/setup.bash'
[42.714s] INFO:colcon.colcon_core.shell:Creating prefix script '/mnt/c/Users/SCoug/OneDrive/wsl/ros_ws/src/febkdb/install/local_setup.zsh'
[42.721s] INFO:colcon.colcon_core.shell:Creating prefix chain script '/mnt/c/Users/SCoug/OneDrive/wsl/ros_ws/src/febkdb/install/setup.zsh'
