[0.463s] DEBUG:colcon:Command line arguments: ['/usr/bin/colcon', 'build', '--packages-select', 'ros2kdb']
[0.463s] DEBUG:colcon:Parsed command line arguments: Namespace(allow_overriding=[], ament_cmake_args=None, base_paths=['.'], build_base='build', catkin_cmake_args=None, catkin_skip_building_tests=False, cmake_args=None, cmake_clean_cache=False, cmake_clean_first=False, cmake_force_configure=False, cmake_target=None, cmake_target_skip_unavailable=False, continue_on_error=False, event_handlers=None, executor='parallel', ignore_user_meta=False, install_base='install', log_base=None, log_level=None, main=<bound method BuildVerb.main of <colcon_core.verb.build.BuildVerb object at 0x7f830a7d56a0>>, merge_install=False, metas=['./colcon.meta'], packages_above=None, packages_above_and_dependencies=None, packages_above_depth=None, packages_end=None, packages_ignore=None, packages_ignore_regex=None, packages_select=['ros2kdb'], packages_select_build_failed=False, packages_select_by_dep=None, packages_select_regex=None, packages_select_test_failures=False, packages_skip=None, packages_skip_build_finished=False, packages_skip_by_dep=None, packages_skip_regex=None, packages_skip_test_passed=False, packages_skip_up_to=None, packages_start=None, packages_up_to=None, packages_up_to_regex=None, parallel_workers=8, paths=None, symlink_install=False, test_result_base=None, verb_extension=<colcon_core.verb.build.BuildVerb object at 0x7f830a7d56a0>, verb_name='build', verb_parser=<colcon_defaults.argument_parser.defaults.DefaultArgumentsDecorator object at 0x7f830a7d5be0>)
[0.499s] Level 1:colcon.colcon_core.package_discovery:discover_packages(colcon_meta) check parameters
[0.500s] Level 1:colcon.colcon_core.package_discovery:discover_packages(recursive) check parameters
[0.500s] Level 1:colcon.colcon_core.package_discovery:discover_packages(ignore) check parameters
[0.501s] Level 1:colcon.colcon_core.package_discovery:discover_packages(path) check parameters
[0.501s] Level 1:colcon.colcon_core.package_discovery:discover_packages(colcon_meta) discover
[0.501s] Level 1:colcon.colcon_core.package_discovery:discover_packages(recursive) discover
[0.502s] INFO:colcon.colcon_core.package_discovery:Crawling recursively for packages in '/mnt/c/Users/SCoug/OneDrive/wsl/ros_ws/src/ros2kdb'
[0.504s] Level 1:colcon.colcon_core.package_identification:_identify(.) by extensions ['ignore', 'ignore_ament_install']
[0.504s] Level 1:colcon.colcon_core.package_identification:_identify(.) by extension 'ignore'
[0.505s] Level 1:colcon.colcon_core.package_identification:_identify(.) by extension 'ignore_ament_install'
[0.506s] Level 1:colcon.colcon_core.package_identification:_identify(.) by extensions ['colcon_pkg']
[0.506s] Level 1:colcon.colcon_core.package_identification:_identify(.) by extension 'colcon_pkg'
[0.507s] Level 1:colcon.colcon_core.package_identification:_identify(.) by extensions ['colcon_meta']
[0.507s] Level 1:colcon.colcon_core.package_identification:_identify(.) by extension 'colcon_meta'
[0.507s] Level 1:colcon.colcon_core.package_identification:_identify(.) by extensions ['ros']
[0.508s] Level 1:colcon.colcon_core.package_identification:_identify(.) by extension 'ros'
[0.536s] DEBUG:colcon.colcon_core.package_identification:Package '.' with type 'ros.ament_cmake' and name 'ros2kdb'
[0.536s] Level 1:colcon.colcon_core.package_discovery:discover_packages(recursive) using defaults
[0.536s] Level 1:colcon.colcon_core.package_discovery:discover_packages(ignore) discover
[0.537s] Level 1:colcon.colcon_core.package_discovery:discover_packages(ignore) using defaults
[0.537s] Level 1:colcon.colcon_core.package_discovery:discover_packages(path) discover
[0.537s] Level 1:colcon.colcon_core.package_discovery:discover_packages(path) using defaults
[0.609s] Level 5:colcon.colcon_core.verb:set package 'ros2kdb' build argument 'cmake_args' from command line to 'None'
[0.609s] Level 5:colcon.colcon_core.verb:set package 'ros2kdb' build argument 'cmake_target' from command line to 'None'
[0.610s] Level 5:colcon.colcon_core.verb:set package 'ros2kdb' build argument 'cmake_target_skip_unavailable' from command line to 'False'
[0.610s] Level 5:colcon.colcon_core.verb:set package 'ros2kdb' build argument 'cmake_clean_cache' from command line to 'False'
[0.610s] Level 5:colcon.colcon_core.verb:set package 'ros2kdb' build argument 'cmake_clean_first' from command line to 'False'
[0.611s] Level 5:colcon.colcon_core.verb:set package 'ros2kdb' build argument 'cmake_force_configure' from command line to 'False'
[0.611s] Level 5:colcon.colcon_core.verb:set package 'ros2kdb' build argument 'ament_cmake_args' from command line to 'None'
[0.611s] Level 5:colcon.colcon_core.verb:set package 'ros2kdb' build argument 'catkin_cmake_args' from command line to 'None'
[0.612s] Level 5:colcon.colcon_core.verb:set package 'ros2kdb' build argument 'catkin_skip_building_tests' from command line to 'False'
[0.612s] DEBUG:colcon.colcon_core.verb:Building package 'ros2kdb' with the following arguments: {'ament_cmake_args': None, 'build_base': '/mnt/c/Users/SCoug/OneDrive/wsl/ros_ws/src/ros2kdb/build/ros2kdb', 'catkin_cmake_args': None, 'catkin_skip_building_tests': False, 'cmake_args': None, 'cmake_clean_cache': False, 'cmake_clean_first': False, 'cmake_force_configure': False, 'cmake_target': None, 'cmake_target_skip_unavailable': False, 'install_base': '/mnt/c/Users/SCoug/OneDrive/wsl/ros_ws/src/ros2kdb/install/ros2kdb', 'merge_install': False, 'path': '/mnt/c/Users/SCoug/OneDrive/wsl/ros_ws/src/ros2kdb', 'symlink_install': False, 'test_result_base': None}
[0.728s] INFO:colcon.colcon_core.executor:Executing jobs using 'parallel' executor
[0.731s] DEBUG:colcon.colcon_parallel_executor.executor.parallel:run_until_complete
[0.731s] INFO:colcon.colcon_ros.task.ament_cmake.build:Building ROS package in '/mnt/c/Users/SCoug/OneDrive/wsl/ros_ws/src/ros2kdb' with build type 'ament_cmake'
[0.732s] INFO:colcon.colcon_cmake.task.cmake.build:Building CMake package in '/mnt/c/Users/SCoug/OneDrive/wsl/ros_ws/src/ros2kdb'
[0.744s] INFO:colcon.colcon_core.plugin_system:Skipping extension 'colcon_core.shell.bat': Not used on non-Windows systems
[0.745s] INFO:colcon.colcon_core.shell:Skip shell extension 'powershell' for command environment: Not usable outside of PowerShell
[0.745s] DEBUG:colcon.colcon_core.shell:Skip shell extension 'dsv' for command environment
[1.123s] DEBUG:colcon.colcon_core.event_handler.log_command:Invoking command in '/mnt/c/Users/SCoug/OneDrive/wsl/ros_ws/src/ros2kdb/build/ros2kdb': CMAKE_PREFIX_PATH=${CMAKE_PREFIX_PATH}:/opt/ros/galactic /usr/bin/cmake /mnt/c/Users/SCoug/OneDrive/wsl/ros_ws/src/ros2kdb -DCMAKE_INSTALL_PREFIX=/mnt/c/Users/SCoug/OneDrive/wsl/ros_ws/src/ros2kdb/install/ros2kdb
[101.925s] DEBUG:colcon.colcon_core.event_handler.log_command:Invoked command in '/mnt/c/Users/SCoug/OneDrive/wsl/ros_ws/src/ros2kdb/build/ros2kdb' returned '0': CMAKE_PREFIX_PATH=${CMAKE_PREFIX_PATH}:/opt/ros/galactic /usr/bin/cmake /mnt/c/Users/SCoug/OneDrive/wsl/ros_ws/src/ros2kdb -DCMAKE_INSTALL_PREFIX=/mnt/c/Users/SCoug/OneDrive/wsl/ros_ws/src/ros2kdb/install/ros2kdb
[101.945s] DEBUG:colcon.colcon_core.event_handler.log_command:Invoking command in '/mnt/c/Users/SCoug/OneDrive/wsl/ros_ws/src/ros2kdb/build/ros2kdb': CMAKE_PREFIX_PATH=${CMAKE_PREFIX_PATH}:/opt/ros/galactic /usr/bin/cmake --build /mnt/c/Users/SCoug/OneDrive/wsl/ros_ws/src/ros2kdb/build/ros2kdb -- -j8 -l8
[115.004s] DEBUG:colcon.colcon_core.event_handler.log_command:Invoked command in '/mnt/c/Users/SCoug/OneDrive/wsl/ros_ws/src/ros2kdb/build/ros2kdb' returned '2': CMAKE_PREFIX_PATH=${CMAKE_PREFIX_PATH}:/opt/ros/galactic /usr/bin/cmake --build /mnt/c/Users/SCoug/OneDrive/wsl/ros_ws/src/ros2kdb/build/ros2kdb -- -j8 -l8
[134.170s] Level 1:colcon.colcon_core.environment:create_environment_scripts_only(ros2kdb)
[134.185s] Level 1:colcon.colcon_core.environment:checking '/mnt/c/Users/SCoug/OneDrive/wsl/ros_ws/src/ros2kdb/install/ros2kdb' for CMake module files
[134.210s] Level 1:colcon.colcon_core.environment:checking '/mnt/c/Users/SCoug/OneDrive/wsl/ros_ws/src/ros2kdb/install/ros2kdb' for CMake config files
[134.214s] Level 1:colcon.colcon_core.environment:checking '/mnt/c/Users/SCoug/OneDrive/wsl/ros_ws/src/ros2kdb/install/ros2kdb/bin'
[134.216s] Level 1:colcon.colcon_core.environment:checking '/mnt/c/Users/SCoug/OneDrive/wsl/ros_ws/src/ros2kdb/install/ros2kdb/lib/pkgconfig/ros2kdb.pc'
[134.218s] Level 1:colcon.colcon_core.environment:checking '/mnt/c/Users/SCoug/OneDrive/wsl/ros_ws/src/ros2kdb/install/ros2kdb/lib/python3.8/site-packages'
[134.220s] INFO:colcon.colcon_core.shell:Creating package script '/mnt/c/Users/SCoug/OneDrive/wsl/ros_ws/src/ros2kdb/install/ros2kdb/share/ros2kdb/package.ps1'
[134.245s] INFO:colcon.colcon_core.shell:Creating package descriptor '/mnt/c/Users/SCoug/OneDrive/wsl/ros_ws/src/ros2kdb/install/ros2kdb/share/ros2kdb/package.dsv'
[134.266s] INFO:colcon.colcon_core.shell:Creating package script '/mnt/c/Users/SCoug/OneDrive/wsl/ros_ws/src/ros2kdb/install/ros2kdb/share/ros2kdb/package.sh'
[134.288s] INFO:colcon.colcon_core.shell:Creating package script '/mnt/c/Users/SCoug/OneDrive/wsl/ros_ws/src/ros2kdb/install/ros2kdb/share/ros2kdb/package.bash'
[134.310s] INFO:colcon.colcon_core.shell:Creating package script '/mnt/c/Users/SCoug/OneDrive/wsl/ros_ws/src/ros2kdb/install/ros2kdb/share/ros2kdb/package.zsh'
[134.332s] Level 1:colcon.colcon_core.environment:create_file_with_runtime_dependencies(/mnt/c/Users/SCoug/OneDrive/wsl/ros_ws/src/ros2kdb/install/ros2kdb/share/colcon-core/packages/ros2kdb)
[134.362s] DEBUG:colcon.colcon_parallel_executor.executor.parallel:closing loop
[134.363s] DEBUG:colcon.colcon_parallel_executor.executor.parallel:loop closed
[134.363s] DEBUG:colcon.colcon_parallel_executor.executor.parallel:run_until_complete finished with '2'
[134.364s] DEBUG:colcon.colcon_core.event_reactor:joining thread
[134.429s] INFO:colcon.colcon_core.plugin_system:Skipping extension 'colcon_notification.desktop_notification.notify_send': Could not find 'notify-send'
[134.430s] INFO:colcon.colcon_core.plugin_system:Skipping extension 'colcon_notification.desktop_notification.terminal_notifier': Not used on non-Darwin systems
[134.430s] INFO:colcon.colcon_core.plugin_system:Skipping extension 'colcon_notification.desktop_notification.win32': Not used on non-Windows systems
[134.430s] INFO:colcon.colcon_notification.desktop_notification:Sending desktop notification using 'notify2'
[134.431s] DEBUG:colcon.colcon_notification.desktop_notification.notify2:Failed to initialize notify2: org.freedesktop.DBus.Error.NotSupported: Unable to autolaunch a dbus-daemon without a $DISPLAY for X11
[134.431s] DEBUG:colcon.colcon_core.event_reactor:joined thread
[134.432s] INFO:colcon.colcon_core.shell:Creating prefix script '/mnt/c/Users/SCoug/OneDrive/wsl/ros_ws/src/ros2kdb/install/local_setup.ps1'
[134.442s] INFO:colcon.colcon_core.shell:Creating prefix util module '/mnt/c/Users/SCoug/OneDrive/wsl/ros_ws/src/ros2kdb/install/_local_setup_util_ps1.py'
[134.453s] INFO:colcon.colcon_core.shell:Creating prefix chain script '/mnt/c/Users/SCoug/OneDrive/wsl/ros_ws/src/ros2kdb/install/setup.ps1'
[134.512s] INFO:colcon.colcon_core.shell:Creating prefix script '/mnt/c/Users/SCoug/OneDrive/wsl/ros_ws/src/ros2kdb/install/local_setup.sh'
[134.524s] INFO:colcon.colcon_core.shell:Creating prefix util module '/mnt/c/Users/SCoug/OneDrive/wsl/ros_ws/src/ros2kdb/install/_local_setup_util_sh.py'
[134.536s] INFO:colcon.colcon_core.shell:Creating prefix chain script '/mnt/c/Users/SCoug/OneDrive/wsl/ros_ws/src/ros2kdb/install/setup.sh'
[134.592s] INFO:colcon.colcon_core.shell:Creating prefix script '/mnt/c/Users/SCoug/OneDrive/wsl/ros_ws/src/ros2kdb/install/local_setup.bash'
[134.600s] INFO:colcon.colcon_core.shell:Creating prefix chain script '/mnt/c/Users/SCoug/OneDrive/wsl/ros_ws/src/ros2kdb/install/setup.bash'
[134.656s] INFO:colcon.colcon_core.shell:Creating prefix script '/mnt/c/Users/SCoug/OneDrive/wsl/ros_ws/src/ros2kdb/install/local_setup.zsh'
[134.666s] INFO:colcon.colcon_core.shell:Creating prefix chain script '/mnt/c/Users/SCoug/OneDrive/wsl/ros_ws/src/ros2kdb/install/setup.zsh'
